{"/Users/mjzac/code/NodeJS/SailsApps/My-Awesome-Project/api/controllers/FooController.js":{"path":"/Users/mjzac/code/NodeJS/SailsApps/My-Awesome-Project/api/controllers/FooController.js","s":{"1":1,"2":1},"b":{},"f":{"1":1},"fnMap":{"1":{"name":"(anonymous_1)","line":9,"loc":{"start":{"line":9,"column":8},"end":{"line":9,"column":26}}}},"statementMap":{"1":{"start":{"line":8,"column":0},"end":{"line":12,"column":2}},"2":{"start":{"line":10,"column":6},"end":{"line":10,"column":32}}},"branchMap":{}}}